<?xml version="1.0" encoding="UTF-8"?>
<!-- Generated by org.testng.reporters.JUnitXMLReporter -->
<testsuite ignored="0" hostname="TYSS-Rakesh-B" failures="0" tests="4" name="Default test" time="10.212" errors="0" timestamp="2024-02-03T17:24:10 IST">
  <testcase classname="testScripts.TC01_LoginTest" name="loginTestCase" time="0.015"/>
  <testcase classname="testScripts.TC01_LoginTest" name="loginTestCase" time="0.004"/>
  <testcase classname="testScripts.TC01_LoginTest" name="loginTestCase" time="0.003"/>
  <testcase classname="testScripts.TC01_LoginTest" name="loginTestCase" time="0.003"/>
</testsuite> <!-- Default test -->
