<?xml version="1.0" encoding="UTF-8"?>
<testng-results ignored="0" total="1" passed="1" failed="0" skipped="0">
  <reporter-output>
  </reporter-output>
  <suite started-at="2024-02-08T12:35:43 IST" name="Default suite" finished-at="2024-02-08T12:35:46 IST" duration-ms="2434">
    <groups>
    </groups>
    <test started-at="2024-02-08T12:35:43 IST" name="Default test" finished-at="2024-02-08T12:35:46 IST" duration-ms="2434">
      <class name="DataBaseTestingScripts.DataBaseTestCase01">
        <test-method signature="dataBaseTestCase01()[pri:0, instance:DataBaseTestingScripts.DataBaseTestCase01@1ea9f6af]" started-at="2024-02-08T12:35:43 IST" name="dataBaseTestCase01" finished-at="2024-02-08T12:35:46 IST" duration-ms="2372" status="PASS">
          <reporter-output>
          </reporter-output>
        </test-method> <!-- dataBaseTestCase01 -->
      </class> <!-- DataBaseTestingScripts.DataBaseTestCase01 -->
    </test> <!-- Default test -->
  </suite> <!-- Default suite -->
</testng-results>
