<?xml version="1.0" encoding="UTF-8"?>
<testng-results ignored="0" total="4" passed="4" failed="0" skipped="0">
  <reporter-output>
  </reporter-output>
  <suite started-at="2024-02-03T17:24:00 IST" name="Default suite" finished-at="2024-02-03T17:24:10 IST" duration-ms="10212">
    <groups>
    </groups>
    <test started-at="2024-02-03T17:24:00 IST" name="Default test" finished-at="2024-02-03T17:24:10 IST" duration-ms="10212">
      <class name="testScripts.TC01_LoginTest">
        <test-method is-config="true" signature="beforeSuite()[pri:0, instance:testScripts.TC01_LoginTest@79e2c065]" started-at="2024-02-03T17:23:59 IST" name="beforeSuite" finished-at="2024-02-03T17:24:00 IST" duration-ms="666" status="PASS">
          <reporter-output>
          </reporter-output>
        </test-method> <!-- beforeSuite -->
        <test-method is-config="true" signature="launchbrowser()[pri:0, instance:testScripts.TC01_LoginTest@79e2c065]" started-at="2024-02-03T17:24:00 IST" name="launchbrowser" finished-at="2024-02-03T17:24:08 IST" duration-ms="8338" status="PASS">
          <reporter-output>
          </reporter-output>
        </test-method> <!-- launchbrowser -->
        <test-method signature="loginTestCase(java.lang.String,java.lang.String)[pri:0, instance:testScripts.TC01_LoginTest@79e2c065]" started-at="2024-02-03T17:24:10 IST" name="loginTestCase" data-provider="LoginData" finished-at="2024-02-03T17:24:10 IST" duration-ms="15" status="PASS">
          <params>
            <param index="0">
              <value>
                <![CDATA[Engg123@gmail.com]]>
              </value>
            </param>
            <param index="1">
              <value>
                <![CDATA[Engg@123]]>
              </value>
            </param>
          </params>
          <reporter-output>
          </reporter-output>
        </test-method> <!-- loginTestCase -->
        <test-method signature="loginTestCase(java.lang.String,java.lang.String)[pri:0, instance:testScripts.TC01_LoginTest@79e2c065]" started-at="2024-02-03T17:24:10 IST" name="loginTestCase" data-provider="LoginData" finished-at="2024-02-03T17:24:10 IST" duration-ms="4" status="PASS">
          <params>
            <param index="0">
              <value>
                <![CDATA[Engg456@gmail.com]]>
              </value>
            </param>
            <param index="1">
              <value>
                <![CDATA[Engg@456]]>
              </value>
            </param>
          </params>
          <reporter-output>
          </reporter-output>
        </test-method> <!-- loginTestCase -->
        <test-method signature="loginTestCase(java.lang.String,java.lang.String)[pri:0, instance:testScripts.TC01_LoginTest@79e2c065]" started-at="2024-02-03T17:24:10 IST" name="loginTestCase" data-provider="LoginData" finished-at="2024-02-03T17:24:10 IST" duration-ms="3" status="PASS">
          <params>
            <param index="0">
              <value>
                <![CDATA[Engg789@gmail.com]]>
              </value>
            </param>
            <param index="1">
              <value>
                <![CDATA[Engg@789]]>
              </value>
            </param>
          </params>
          <reporter-output>
          </reporter-output>
        </test-method> <!-- loginTestCase -->
        <test-method signature="loginTestCase(java.lang.String,java.lang.String)[pri:0, instance:testScripts.TC01_LoginTest@79e2c065]" started-at="2024-02-03T17:24:10 IST" name="loginTestCase" data-provider="LoginData" finished-at="2024-02-03T17:24:10 IST" duration-ms="3" status="PASS">
          <params>
            <param index="0">
              <value>
                <![CDATA[Engg1011@gmail.com]]>
              </value>
            </param>
            <param index="1">
              <value>
                <![CDATA[Engg@1011]]>
              </value>
            </param>
          </params>
          <reporter-output>
          </reporter-output>
        </test-method> <!-- loginTestCase -->
        <test-method is-config="true" signature="closeBrowser()[pri:0, instance:testScripts.TC01_LoginTest@79e2c065]" started-at="2024-02-03T17:24:10 IST" name="closeBrowser" finished-at="2024-02-03T17:24:10 IST" duration-ms="263" status="PASS">
          <reporter-output>
          </reporter-output>
        </test-method> <!-- closeBrowser -->
        <test-method is-config="true" signature="afterSuite()[pri:0, instance:testScripts.TC01_LoginTest@79e2c065]" started-at="2024-02-03T17:24:10 IST" name="afterSuite" finished-at="2024-02-03T17:24:10 IST" duration-ms="7" status="PASS">
          <reporter-output>
          </reporter-output>
        </test-method> <!-- afterSuite -->
      </class> <!-- testScripts.TC01_LoginTest -->
    </test> <!-- Default test -->
  </suite> <!-- Default suite -->
</testng-results>
